2025-06-28 14:32:49,594 - crypto_trading_system - WARNING - Coinbase API credentials not provided. Some functionality will be limited.
2025-06-28 14:32:49,780 - crypto_trading_system - WARNING - Coinbase API credentials not provided. Some functionality will be limited.
2025-06-28 14:32:49,780 - crypto_trading_system - ERROR - Error getting market data for BTC-USD: 'CoinbaseClient' object has no attribute 'get_product_ticker'
2025-06-28 14:32:49,780 - crypto_trading_system - WARNING - Failed to get market data for BTC-USD
2025-06-28 14:32:49,780 - crypto_trading_system - ERROR - Error getting project data for bitcoin: CoinGeckoClient.get_coin_data() got an unexpected keyword argument 'localization'
2025-06-28 14:32:49,780 - crypto_trading_system - WARNING - Failed to get project data for BTC-USD
2025-06-28 14:32:49,927 - crypto_trading_system - WARNING - Coinbase API credentials not provided. Some functionality will be limited.
2025-06-28 14:32:49,927 - crypto_trading_system - ERROR - Error getting market data for ETH-USD: 'CoinbaseClient' object has no attribute 'get_product_ticker'
2025-06-28 14:32:49,927 - crypto_trading_system - WARNING - Failed to get market data for ETH-USD
2025-06-28 14:32:49,927 - crypto_trading_system - ERROR - Error getting project data for ethereum: CoinGeckoClient.get_coin_data() got an unexpected keyword argument 'localization'
2025-06-28 14:32:49,927 - crypto_trading_system - WARNING - Failed to get project data for ETH-USD
2025-06-28 14:32:49,927 - crypto_trading_system - WARNING - Coinbase API credentials not provided. Some functionality will be limited.
2025-06-28 14:32:50,139 - crypto_trading_system - WARNING - Coinbase API credentials not provided. Some functionality will be limited.
2025-06-28 14:32:50,139 - crypto_trading_system - ERROR - Error getting market data for BTC-USD: 'CoinbaseClient' object has no attribute 'get_product_ticker'
2025-06-28 14:32:50,139 - crypto_trading_system - WARNING - Failed to get market data for BTC-USD
2025-06-28 14:32:50,139 - crypto_trading_system - ERROR - Error getting project data for bitcoin: CoinGeckoClient.get_coin_data() got an unexpected keyword argument 'localization'
2025-06-28 14:32:50,139 - crypto_trading_system - WARNING - Failed to get project data for BTC-USD
2025-06-28 14:32:50,139 - crypto_trading_system - INFO - Demo mode: GET /products/BTC-USD
2025-06-28 14:32:50,342 - crypto_trading_system - WARNING - Coinbase API credentials not provided. Some functionality will be limited.
2025-06-28 14:32:50,342 - crypto_trading_system - ERROR - Error getting market data for ETH-USD: 'CoinbaseClient' object has no attribute 'get_product_ticker'
2025-06-28 14:32:50,342 - crypto_trading_system - WARNING - Failed to get market data for ETH-USD
2025-06-28 14:32:50,342 - crypto_trading_system - ERROR - Error getting project data for ethereum: CoinGeckoClient.get_coin_data() got an unexpected keyword argument 'localization'
2025-06-28 14:32:50,342 - crypto_trading_system - WARNING - Failed to get project data for ETH-USD
2025-06-28 14:32:50,342 - crypto_trading_system - INFO - Demo mode: GET /products/ETH-USD
2025-06-28 14:32:50,524 - crypto_trading_system - WARNING - Coinbase API credentials not provided. Some functionality will be limited.
2025-06-28 14:32:50,524 - crypto_trading_system - ERROR - Error getting market data for BTC-USD: 'CoinbaseClient' object has no attribute 'get_product_ticker'
2025-06-28 14:32:50,524 - crypto_trading_system - WARNING - Failed to get market data for BTC-USD
2025-06-28 14:32:50,524 - crypto_trading_system - ERROR - Error getting project data for bitcoin: CoinGeckoClient.get_coin_data() got an unexpected keyword argument 'localization'
2025-06-28 14:32:50,524 - crypto_trading_system - WARNING - Failed to get project data for BTC-USD
2025-06-28 14:32:50,717 - crypto_trading_system - WARNING - Coinbase API credentials not provided. Some functionality will be limited.
2025-06-28 14:32:50,717 - crypto_trading_system - ERROR - Error getting market data for ETH-USD: 'CoinbaseClient' object has no attribute 'get_product_ticker'
2025-06-28 14:32:50,717 - crypto_trading_system - WARNING - Failed to get market data for ETH-USD
2025-06-28 14:32:50,717 - crypto_trading_system - ERROR - Error getting project data for ethereum: CoinGeckoClient.get_coin_data() got an unexpected keyword argument 'localization'
2025-06-28 14:32:50,717 - crypto_trading_system - WARNING - Failed to get project data for ETH-USD
2025-06-28 14:32:50,845 - crypto_trading_system - WARNING - Coinbase API credentials not provided. Some functionality will be limited.
2025-06-28 14:32:50,845 - crypto_trading_system - ERROR - Error getting market data for SOL-USD: 'CoinbaseClient' object has no attribute 'get_product_ticker'
2025-06-28 14:32:50,845 - crypto_trading_system - WARNING - Failed to get market data for SOL-USD
2025-06-28 14:32:50,845 - crypto_trading_system - ERROR - Error getting project data for sol: CoinGeckoClient.get_coin_data() got an unexpected keyword argument 'localization'
2025-06-28 14:32:50,845 - crypto_trading_system - WARNING - Failed to get project data for SOL-USD
2025-06-28 14:34:38,297 - crypto_trading_system - WARNING - Coinbase API credentials not provided. Some functionality will be limited.
2025-06-28 14:34:38,490 - crypto_trading_system - WARNING - Coinbase API credentials not provided. Some functionality will be limited.
2025-06-28 14:34:38,490 - crypto_trading_system - INFO - Demo mode: GET /products/BTC-USD/ticker
2025-06-28 14:34:38,608 - crypto_trading_system - ERROR - Error getting market data for BTC-USD: MarketData.__init__() got an unexpected keyword argument 'price_change_24h'
2025-06-28 14:34:38,608 - crypto_trading_system - WARNING - Failed to get market data for BTC-USD
2025-06-28 14:34:38,909 - crypto_trading_system - WARNING - Coinbase API credentials not provided. Some functionality will be limited.
2025-06-28 14:34:38,909 - crypto_trading_system - INFO - Demo mode: GET /products/ETH-USD/ticker
2025-06-28 14:34:39,050 - crypto_trading_system - ERROR - Error getting market data for ETH-USD: MarketData.__init__() got an unexpected keyword argument 'price_change_24h'
2025-06-28 14:34:39,050 - crypto_trading_system - WARNING - Failed to get market data for ETH-USD
2025-06-28 14:34:39,109 - crypto_trading_system - WARNING - Coinbase API credentials not provided. Some functionality will be limited.
2025-06-28 14:34:39,241 - crypto_trading_system - WARNING - Coinbase API credentials not provided. Some functionality will be limited.
2025-06-28 14:34:39,241 - crypto_trading_system - INFO - Demo mode: GET /products/BTC-USD/ticker
2025-06-28 14:34:39,281 - crypto_trading_system - ERROR - Error getting market data for BTC-USD: MarketData.__init__() got an unexpected keyword argument 'price_change_24h'
2025-06-28 14:34:39,281 - crypto_trading_system - WARNING - Failed to get market data for BTC-USD
2025-06-28 14:34:39,306 - crypto_trading_system - INFO - Demo mode: GET /products/BTC-USD
2025-06-28 14:34:39,680 - crypto_trading_system - WARNING - Coinbase API credentials not provided. Some functionality will be limited.
2025-06-28 14:34:39,680 - crypto_trading_system - INFO - Demo mode: GET /products/ETH-USD/ticker
2025-06-28 14:34:39,705 - crypto_trading_system - ERROR - Error getting market data for ETH-USD: MarketData.__init__() got an unexpected keyword argument 'price_change_24h'
2025-06-28 14:34:39,705 - crypto_trading_system - WARNING - Failed to get market data for ETH-USD
2025-06-28 14:34:39,734 - crypto_trading_system - INFO - Demo mode: GET /products/ETH-USD
2025-06-28 14:34:39,857 - crypto_trading_system - WARNING - Coinbase API credentials not provided. Some functionality will be limited.
2025-06-28 14:34:39,857 - crypto_trading_system - INFO - Demo mode: GET /products/BTC-USD/ticker
2025-06-28 14:34:39,887 - crypto_trading_system - ERROR - Error getting market data for BTC-USD: MarketData.__init__() got an unexpected keyword argument 'price_change_24h'
2025-06-28 14:34:39,887 - crypto_trading_system - WARNING - Failed to get market data for BTC-USD
2025-06-28 14:34:40,103 - crypto_trading_system - WARNING - Coinbase API credentials not provided. Some functionality will be limited.
2025-06-28 14:34:40,103 - crypto_trading_system - INFO - Demo mode: GET /products/ETH-USD/ticker
2025-06-28 14:34:40,133 - crypto_trading_system - ERROR - Error getting market data for ETH-USD: MarketData.__init__() got an unexpected keyword argument 'price_change_24h'
2025-06-28 14:34:40,133 - crypto_trading_system - WARNING - Failed to get market data for ETH-USD
2025-06-28 14:34:40,299 - crypto_trading_system - WARNING - Coinbase API credentials not provided. Some functionality will be limited.
2025-06-28 14:34:40,299 - crypto_trading_system - INFO - Demo mode: GET /products/SOL-USD/ticker
2025-06-28 14:34:40,322 - crypto_trading_system - ERROR - Error getting market data for SOL-USD: MarketData.__init__() got an unexpected keyword argument 'price_change_24h'
2025-06-28 14:34:40,322 - crypto_trading_system - WARNING - Failed to get market data for SOL-USD
2025-06-28 14:35:15,270 - crypto_trading_system - WARNING - Coinbase API credentials not provided. Some functionality will be limited.
2025-06-28 14:35:15,407 - crypto_trading_system - WARNING - Coinbase API credentials not provided. Some functionality will be limited.
2025-06-28 14:35:15,407 - crypto_trading_system - INFO - Demo mode: GET /products/BTC-USD/ticker
2025-06-28 14:35:15,605 - crypto_trading_system - WARNING - Coinbase API credentials not provided. Some functionality will be limited.
2025-06-28 14:35:15,605 - crypto_trading_system - INFO - Demo mode: GET /products/ETH-USD/ticker
2025-06-28 14:35:15,657 - crypto_trading_system - WARNING - Coinbase API credentials not provided. Some functionality will be limited.
2025-06-28 14:35:15,785 - crypto_trading_system - WARNING - Coinbase API credentials not provided. Some functionality will be limited.
2025-06-28 14:35:15,785 - crypto_trading_system - INFO - Demo mode: GET /products/BTC-USD/ticker
2025-06-28 14:35:15,825 - crypto_trading_system - INFO - Demo mode: GET /products/BTC-USD
2025-06-28 14:35:15,960 - crypto_trading_system - WARNING - Coinbase API credentials not provided. Some functionality will be limited.
2025-06-28 14:35:15,960 - crypto_trading_system - INFO - Demo mode: GET /products/ETH-USD/ticker
2025-06-28 14:35:16,001 - crypto_trading_system - INFO - Demo mode: GET /products/ETH-USD
2025-06-28 14:35:16,137 - crypto_trading_system - WARNING - Coinbase API credentials not provided. Some functionality will be limited.
2025-06-28 14:35:16,137 - crypto_trading_system - INFO - Demo mode: GET /products/BTC-USD/ticker
2025-06-28 14:35:16,375 - crypto_trading_system - WARNING - Coinbase API credentials not provided. Some functionality will be limited.
2025-06-28 14:35:16,375 - crypto_trading_system - INFO - Demo mode: GET /products/ETH-USD/ticker
2025-06-28 14:35:16,571 - crypto_trading_system - WARNING - Coinbase API credentials not provided. Some functionality will be limited.
2025-06-28 14:35:16,571 - crypto_trading_system - INFO - Demo mode: GET /products/SOL-USD/ticker
2025-06-28 14:35:39,581 - crypto_trading_system - WARNING - Coinbase API credentials not provided. Some functionality will be limited.
2025-06-28 14:35:39,761 - crypto_trading_system - WARNING - Coinbase API credentials not provided. Some functionality will be limited.
2025-06-28 14:35:39,761 - crypto_trading_system - INFO - Demo mode: GET /products/BTC-USD/ticker
2025-06-28 14:35:39,923 - crypto_trading_system - WARNING - Coinbase API credentials not provided. Some functionality will be limited.
2025-06-28 14:35:40,102 - crypto_trading_system - WARNING - Coinbase API credentials not provided. Some functionality will be limited.
2025-06-28 14:35:40,102 - crypto_trading_system - INFO - Demo mode: GET /products/BTC-USD/ticker
2025-06-28 14:35:40,167 - crypto_trading_system - INFO - Demo mode: GET /products/BTC-USD
2025-06-28 14:35:40,347 - crypto_trading_system - WARNING - Coinbase API credentials not provided. Some functionality will be limited.
2025-06-28 14:35:40,347 - crypto_trading_system - INFO - Demo mode: GET /products/BTC-USD/ticker
2025-06-28 14:35:40,522 - crypto_trading_system - WARNING - Coinbase API credentials not provided. Some functionality will be limited.
2025-06-28 14:35:40,523 - crypto_trading_system - INFO - Demo mode: GET /products/ETH-USD/ticker
2025-06-28 14:35:40,774 - crypto_trading_system - WARNING - Coinbase API credentials not provided. Some functionality will be limited.
2025-06-28 14:35:40,774 - crypto_trading_system - INFO - Demo mode: GET /products/SOL-USD/ticker
2025-06-28 15:18:46,010 - crypto_trading_system - WARNING - Coinbase API credentials not provided. Some functionality will be limited.
2025-06-28 15:18:46,010 - crypto_trading_system - INFO - Demo mode: GET /products
2025-06-28 15:18:46,163 - crypto_trading_system - WARNING - Coinbase API credentials not provided. Some functionality will be limited.
2025-06-28 15:18:46,163 - crypto_trading_system - INFO - Demo mode: GET /products/BTC-USD/ticker
2025-06-28 15:18:46,357 - crypto_trading_system - WARNING - Coinbase API credentials not provided. Some functionality will be limited.
2025-06-28 15:18:46,357 - crypto_trading_system - WARNING - Coinbase API credentials not provided. Some functionality will be limited.
2025-06-28 15:18:46,357 - crypto_trading_system - INFO - Demo mode: GET /accounts
2025-06-28 15:18:46,357 - crypto_trading_system - INFO - Demo mode: GET /products/BTC-USD/ticker
2025-06-28 15:18:46,357 - crypto_trading_system - INFO - Demo mode: GET /products/ETH-USD/ticker
2025-06-28 15:18:46,357 - crypto_trading_system - INFO - Demo mode: GET /accounts
2025-06-28 15:18:46,357 - crypto_trading_system - INFO - Demo mode: GET /products/BTC-USD/ticker
2025-06-28 15:18:46,358 - crypto_trading_system - INFO - Demo mode: GET /products/ETH-USD/ticker
2025-06-28 15:18:46,358 - crypto_trading_system - INFO - Demo mode: GET /accounts
2025-06-28 15:18:46,358 - crypto_trading_system - INFO - Demo mode: GET /products/BTC-USD/ticker
2025-06-28 15:18:46,358 - crypto_trading_system - INFO - Demo mode: GET /products/ETH-USD/ticker
2025-06-28 15:18:46,358 - crypto_trading_system - INFO - Demo mode: GET /accounts
2025-06-28 15:18:46,358 - crypto_trading_system - INFO - Demo mode: GET /products/BTC-USD/ticker
2025-06-28 15:18:46,358 - crypto_trading_system - INFO - Demo mode: GET /products/ETH-USD/ticker
2025-06-28 15:18:46,358 - crypto_trading_system - WARNING - Coinbase API credentials not provided. Some functionality will be limited.
2025-06-28 15:18:46,358 - crypto_trading_system - WARNING - Coinbase API credentials not provided. Some functionality will be limited.
2025-06-28 15:18:46,358 - crypto_trading_system - INFO - Demo mode: GET /products/BTC-USD/ticker
2025-06-28 15:18:46,358 - crypto_trading_system - INFO - Demo mode: POST /orders
2025-06-28 15:18:46,359 - crypto_trading_system - WARNING - Coinbase API credentials not provided. Some functionality will be limited.
2025-06-28 15:18:46,359 - crypto_trading_system - WARNING - Coinbase API credentials not provided. Some functionality will be limited.
2025-06-28 15:18:46,359 - crypto_trading_system - WARNING - Coinbase API credentials not provided. Some functionality will be limited.
2025-06-28 15:18:46,359 - crypto_trading_system - WARNING - Coinbase API credentials not provided. Some functionality will be limited.
2025-06-28 15:18:46,359 - crypto_trading_system - WARNING - Coinbase API credentials not provided. Some functionality will be limited.
2025-06-28 15:18:46,359 - crypto_trading_system - WARNING - Coinbase API credentials not provided. Some functionality will be limited.
2025-06-28 15:18:46,359 - crypto_trading_system - WARNING - Coinbase API credentials not provided. Some functionality will be limited.
2025-06-28 15:18:46,359 - crypto_trading_system - WARNING - Coinbase API credentials not provided. Some functionality will be limited.
2025-06-28 15:18:46,359 - crypto_trading_system - WARNING - Coinbase API credentials not provided. Some functionality will be limited.
2025-06-28 15:18:46,359 - crypto_trading_system - WARNING - Coinbase API credentials not provided. Some functionality will be limited.
2025-06-28 15:18:46,359 - crypto_trading_system - WARNING - Coinbase API credentials not provided. Some functionality will be limited.
2025-06-28 15:18:46,360 - crypto_trading_system - INFO - Demo mode: GET /products
2025-06-28 15:18:46,487 - crypto_trading_system - WARNING - Coinbase API credentials not provided. Some functionality will be limited.
2025-06-28 15:18:46,487 - crypto_trading_system - INFO - Demo mode: GET /products/BTC-USD/ticker
2025-06-28 15:18:46,493 - crypto_trading_system - WARNING - Coinbase API credentials not provided. Some functionality will be limited.
2025-06-28 15:18:46,493 - crypto_trading_system - INFO - Demo mode: GET /products/SOL-USD/ticker
2025-06-28 15:18:46,567 - crypto_trading_system - WARNING - Coinbase API credentials not provided. Some functionality will be limited.
2025-06-28 15:18:46,567 - crypto_trading_system - INFO - Demo mode: GET /products/ETH-USD/ticker
2025-06-28 15:18:47,002 - crypto_trading_system - WARNING - Coinbase API credentials not provided. Some functionality will be limited.
2025-06-28 15:18:47,002 - crypto_trading_system - INFO - Demo mode: GET /products/SOL-USD/ticker
2025-06-28 15:18:47,047 - crypto_trading_system - WARNING - Coinbase API credentials not provided. Some functionality will be limited.
2025-06-28 15:18:47,048 - crypto_trading_system - INFO - Demo mode: GET /products/ETH-USD/ticker
2025-06-28 15:18:47,052 - crypto_trading_system - WARNING - Coinbase API credentials not provided. Some functionality will be limited.
2025-06-28 15:18:47,052 - crypto_trading_system - INFO - Demo mode: GET /products/BTC-USD/ticker
2025-06-28 15:18:47,283 - crypto_trading_system - WARNING - Coinbase API credentials not provided. Some functionality will be limited.
2025-06-28 15:18:47,283 - crypto_trading_system - INFO - Demo mode: GET /products/BTC-USD/ticker
2025-06-28 15:18:47,335 - crypto_trading_system - WARNING - Coinbase API credentials not provided. Some functionality will be limited.
2025-06-28 15:18:47,335 - crypto_trading_system - INFO - Demo mode: GET /products/SOL-USD/ticker
2025-06-28 15:18:47,417 - crypto_trading_system - WARNING - Coinbase API credentials not provided. Some functionality will be limited.
2025-06-28 15:18:47,417 - crypto_trading_system - INFO - Demo mode: GET /products/ETH-USD/ticker
2025-06-28 15:19:31,362 - crypto_trading_system - WARNING - Coinbase API credentials not provided. Some functionality will be limited.
2025-06-28 15:19:31,362 - crypto_trading_system - WARNING - Coinbase API credentials not provided. Some functionality will be limited.
2025-06-28 15:19:31,362 - crypto_trading_system - WARNING - Coinbase API credentials not provided. Some functionality will be limited.
2025-06-28 15:19:31,362 - crypto_trading_system - WARNING - Coinbase API credentials not provided. Some functionality will be limited.
2025-06-28 15:19:31,362 - crypto_trading_system - WARNING - Coinbase API credentials not provided. Some functionality will be limited.
2025-06-28 15:19:31,362 - crypto_trading_system - WARNING - Coinbase API credentials not provided. Some functionality will be limited.
2025-06-28 15:19:31,362 - crypto_trading_system - WARNING - Coinbase API credentials not provided. Some functionality will be limited.
2025-06-28 15:19:31,362 - crypto_trading_system - WARNING - Coinbase API credentials not provided. Some functionality will be limited.
2025-06-28 15:19:31,362 - crypto_trading_system - INFO - Demo mode: GET /accounts
2025-06-28 15:19:31,363 - crypto_trading_system - INFO - Demo mode: GET /products/BTC-USD/ticker
2025-06-28 15:19:31,363 - crypto_trading_system - INFO - Demo mode: GET /products/ETH-USD/ticker
2025-06-28 15:19:31,363 - crypto_trading_system - INFO - Demo mode: GET /accounts
2025-06-28 15:19:31,363 - crypto_trading_system - INFO - Demo mode: GET /products/BTC-USD/ticker
2025-06-28 15:19:31,363 - crypto_trading_system - INFO - Demo mode: GET /products/ETH-USD/ticker
2025-06-28 15:19:54,572 - crypto_trading_system - WARNING - Coinbase API credentials not provided. Some functionality will be limited.
2025-06-28 15:19:54,572 - crypto_trading_system - WARNING - Coinbase API credentials not provided. Some functionality will be limited.
2025-06-28 15:19:54,573 - crypto_trading_system - WARNING - Coinbase API credentials not provided. Some functionality will be limited.
2025-06-28 15:19:54,573 - crypto_trading_system - WARNING - Coinbase API credentials not provided. Some functionality will be limited.
2025-06-28 15:19:54,573 - crypto_trading_system - WARNING - Coinbase API credentials not provided. Some functionality will be limited.
2025-06-28 15:19:54,573 - crypto_trading_system - WARNING - Coinbase API credentials not provided. Some functionality will be limited.
2025-06-28 15:19:54,573 - crypto_trading_system - WARNING - Coinbase API credentials not provided. Some functionality will be limited.
2025-06-28 15:19:54,573 - crypto_trading_system - WARNING - Coinbase API credentials not provided. Some functionality will be limited.
2025-06-28 15:19:54,573 - crypto_trading_system - WARNING - Coinbase API credentials not provided. Some functionality will be limited.
2025-06-28 15:19:54,573 - crypto_trading_system - WARNING - Coinbase API credentials not provided. Some functionality will be limited.
2025-06-28 15:19:54,573 - crypto_trading_system - INFO - Demo mode: GET /accounts
2025-06-28 15:19:54,573 - crypto_trading_system - INFO - Demo mode: GET /products/BTC-USD/ticker
2025-06-28 15:19:54,573 - crypto_trading_system - INFO - Demo mode: GET /products/ETH-USD/ticker
2025-06-28 15:19:54,573 - crypto_trading_system - INFO - Demo mode: GET /accounts
2025-06-28 15:19:54,574 - crypto_trading_system - INFO - Demo mode: GET /products/BTC-USD/ticker
2025-06-28 15:19:54,574 - crypto_trading_system - INFO - Demo mode: GET /products/ETH-USD/ticker
